<?xml version="1.0" encoding="UTF-8"?>
<!-- Generated by org.testng.reporters.JUnitXMLReporter -->
<testsuite hostname="SOYEBs-MacBook-Air.local" ignored="0" name="Default test" tests="2" failures="0" timestamp="2020-10-30T19:27:13 EDT" time="24.56" errors="0">
  <testcase name="feature" time="20.69" classname="cucumber.api.testng.AbstractTestNGCucumberTests"/>
  <testcase name="feature" time="3.014" classname="cucumber.api.testng.AbstractTestNGCucumberTests"/>
</testsuite> <!-- Default test -->
