<?xml version="1.0" encoding="UTF-8"?>
<testng-results ignored="0" total="1" passed="1" failed="0" skipped="0">
  <reporter-output>
  </reporter-output>
  <suite started-at="2020-10-29T07:20:59Z" name="Suite" finished-at="2020-10-29T07:21:06Z" duration-ms="7347">
    <groups>
      <group name="cucumber">
        <method signature="AbstractTestNGCucumberTests.feature(cucumber.api.testng.CucumberFeatureWrapper)[pri:0, instance:testngrunner.Adda.TestNgRunner@51f116b8]" name="feature" class="cucumber.api.testng.AbstractTestNGCucumberTests"/>
      </group> <!-- cucumber -->
    </groups>
    <test started-at="2020-10-29T07:20:59Z" name="Test" finished-at="2020-10-29T07:21:06Z" duration-ms="7347">
      <class name="testngrunner.Adda.TestNgRunner">
        <test-method is-config="true" signature="setUpClass()[pri:0, instance:testngrunner.Adda.TestNgRunner@51f116b8]" started-at="2020-10-29T07:20:59Z" name="setUpClass" finished-at="2020-10-29T07:20:59Z" duration-ms="452" status="PASS">
          <reporter-output>
          </reporter-output>
        </test-method> <!-- setUpClass -->
        <test-method signature="feature(cucumber.api.testng.CucumberFeatureWrapper)[pri:0, instance:testngrunner.Adda.TestNgRunner@51f116b8]" started-at="2020-10-29T07:21:00Z" name="feature" description="Runs Cucumber Feature" data-provider="features" finished-at="2020-10-29T07:21:06Z" duration-ms="6646" status="PASS">
          <params>
            <param index="0">
              <value>
                <![CDATA[Social Media Adda Features]]>
              </value>
            </param>
          </params>
          <reporter-output>
          </reporter-output>
        </test-method> <!-- feature -->
        <test-method is-config="true" signature="tearDownClass()[pri:0, instance:testngrunner.Adda.TestNgRunner@51f116b8]" started-at="2020-10-29T07:21:06Z" name="tearDownClass" finished-at="2020-10-29T07:21:06Z" duration-ms="10" status="PASS">
          <reporter-output>
          </reporter-output>
        </test-method> <!-- tearDownClass -->
      </class> <!-- testngrunner.Adda.TestNgRunner -->
    </test> <!-- Test -->
  </suite> <!-- Suite -->
</testng-results>
