<?xml version="1.0" encoding="UTF-8"?>
<testng-results skipped="0" failed="0" ignored="0" total="2" passed="2">
  <reporter-output>
  </reporter-output>
  <suite name="Suite" duration-ms="113264" started-at="2020-11-03T21:18:45 EST" finished-at="2020-11-03T21:20:38 EST">
    <groups>
      <group name="cucumber">
        <method signature="AbstractTestNGCucumberTests.feature(cucumber.api.testng.CucumberFeatureWrapper)[pri:0, instance:testngrunner.Adda.TestNGRunner@4e7dc304]" name="feature" class="cucumber.api.testng.AbstractTestNGCucumberTests"/>
      </group> <!-- cucumber -->
    </groups>
    <test name="Test" duration-ms="113264" started-at="2020-11-03T21:18:45 EST" finished-at="2020-11-03T21:20:38 EST">
      <class name="testngrunner.Adda.TestNGRunner">
        <test-method status="PASS" signature="setUpClass()[pri:0, instance:testngrunner.Adda.TestNGRunner@4e7dc304]" name="setUpClass" is-config="true" duration-ms="536" started-at="2020-11-03T21:18:45 EST" finished-at="2020-11-03T21:18:45 EST">
          <reporter-output>
          </reporter-output>
        </test-method> <!-- setUpClass -->
        <test-method status="PASS" signature="feature(cucumber.api.testng.CucumberFeatureWrapper)[pri:0, instance:testngrunner.Adda.TestNGRunner@4e7dc304]" name="feature" duration-ms="98383" started-at="2020-11-03T21:18:46 EST" description="Runs Cucumber Feature" data-provider="features" finished-at="2020-11-03T21:20:24 EST">
          <params>
            <param index="0">
              <value>
                <![CDATA[]]>
              </value>
            </param>
          </params>
          <reporter-output>
          </reporter-output>
        </test-method> <!-- feature -->
        <test-method status="PASS" signature="feature(cucumber.api.testng.CucumberFeatureWrapper)[pri:0, instance:testngrunner.Adda.TestNGRunner@4e7dc304]" name="feature" duration-ms="13752" started-at="2020-11-03T21:20:24 EST" description="Runs Cucumber Feature" data-provider="features" finished-at="2020-11-03T21:20:38 EST">
          <params>
            <param index="0">
              <value>
                <![CDATA[Social Media Adda Features]]>
              </value>
            </param>
          </params>
          <reporter-output>
          </reporter-output>
        </test-method> <!-- feature -->
        <test-method status="PASS" signature="tearDownClass()[pri:0, instance:testngrunner.Adda.TestNGRunner@4e7dc304]" name="tearDownClass" is-config="true" duration-ms="49" started-at="2020-11-03T21:20:38 EST" finished-at="2020-11-03T21:20:38 EST">
          <reporter-output>
          </reporter-output>
        </test-method> <!-- tearDownClass -->
      </class> <!-- testngrunner.Adda.TestNGRunner -->
    </test> <!-- Test -->
  </suite> <!-- Suite -->
</testng-results>
