<?xml version="1.0" encoding="UTF-8"?>
<testng-results skipped="0" failed="0" ignored="0" total="1" passed="1">
  <reporter-output>
  </reporter-output>
  <suite name="Suite" duration-ms="5037" started-at="2020-10-29T02:06:17 EDT" finished-at="2020-10-29T02:06:22 EDT">
    <groups>
      <group name="cucumber">
        <method signature="AbstractTestNGCucumberTests.feature(cucumber.api.testng.CucumberFeatureWrapper)[pri:0, instance:testngrunner.Adda.TestNgRunner@4e7dc304]" name="feature" class="cucumber.api.testng.AbstractTestNGCucumberTests"/>
      </group> <!-- cucumber -->
    </groups>
    <test name="Test" duration-ms="5037" started-at="2020-10-29T02:06:17 EDT" finished-at="2020-10-29T02:06:22 EDT">
      <class name="testngrunner.Adda.TestNgRunner">
        <test-method status="PASS" signature="setUpClass()[pri:0, instance:testngrunner.Adda.TestNgRunner@4e7dc304]" name="setUpClass" is-config="true" duration-ms="243" started-at="2020-10-29T02:06:17 EDT" finished-at="2020-10-29T02:06:17 EDT">
          <reporter-output>
          </reporter-output>
        </test-method> <!-- setUpClass -->
        <test-method status="PASS" signature="feature(cucumber.api.testng.CucumberFeatureWrapper)[pri:0, instance:testngrunner.Adda.TestNgRunner@4e7dc304]" name="feature" duration-ms="4611" started-at="2020-10-29T02:06:18 EDT" description="Runs Cucumber Feature" data-provider="features" finished-at="2020-10-29T02:06:22 EDT">
          <params>
            <param index="0">
              <value>
                <![CDATA[Social Media Adda Features]]>
              </value>
            </param>
          </params>
          <reporter-output>
          </reporter-output>
        </test-method> <!-- feature -->
        <test-method status="PASS" signature="tearDownClass()[pri:0, instance:testngrunner.Adda.TestNgRunner@4e7dc304]" name="tearDownClass" is-config="true" duration-ms="14" started-at="2020-10-29T02:06:22 EDT" finished-at="2020-10-29T02:06:22 EDT">
          <reporter-output>
          </reporter-output>
        </test-method> <!-- tearDownClass -->
      </class> <!-- testngrunner.Adda.TestNgRunner -->
    </test> <!-- Test -->
  </suite> <!-- Suite -->
</testng-results>
